{"C:\\Users\\TAATA EARL\\Desktop\\kanzucode\\fullstack-capstone\\backend\\app.js": {"path":"C:\\Users\\TAATA EARL\\Desktop\\kanzucode\\fullstack-capstone\\backend\\app.js","statementMap":{"0":{"start":{"line":1,"column":16},"end":{"line":1,"column":34}},"1":{"start":{"line":2,"column":12},"end":{"line":2,"column":21}},"2":{"start":{"line":3,"column":15},"end":{"line":3,"column":32}},"3":{"start":{"line":4,"column":13},"end":{"line":4,"column":28}},"4":{"start":{"line":6,"column":0},"end":{"line":6,"column":15}},"5":{"start":{"line":8,"column":0},"end":{"line":8,"column":23}},"6":{"start":{"line":9,"column":0},"end":{"line":9,"column":44}},"7":{"start":{"line":11,"column":0},"end":{"line":11,"column":23}},"8":{"start":{"line":21,"column":0},"end":{"line":21,"column":61}},"9":{"start":{"line":22,"column":0},"end":{"line":22,"column":64}},"10":{"start":{"line":23,"column":0},"end":{"line":23,"column":55}},"11":{"start":{"line":26,"column":0},"end":{"line":26,"column":20}}},"fnMap":{},"branchMap":{},"s":{"0":3,"1":3,"2":3,"3":3,"4":3,"5":3,"6":3,"7":3,"8":3,"9":3,"10":3,"11":3},"f":{},"b":{},"_coverageSchema":"1a1c01bbd47fc00a2c39e90264f33305004495a9","hash":"b615f9921a5a515bf3246b70f619e525ddf926f9"}
,"C:\\Users\\TAATA EARL\\Desktop\\kanzucode\\fullstack-capstone\\backend\\controllers\\CategoryController.js": {"path":"C:\\Users\\TAATA EARL\\Desktop\\kanzucode\\fullstack-capstone\\backend\\controllers\\CategoryController.js","statementMap":{"0":{"start":{"line":1,"column":23},"end":{"line":1,"column":48}},"1":{"start":{"line":2,"column":15},"end":{"line":2,"column":33}},"2":{"start":{"line":4,"column":23},"end":{"line":14,"column":1}},"3":{"start":{"line":5,"column":4},"end":{"line":13,"column":5}},"4":{"start":{"line":6,"column":27},"end":{"line":8,"column":10}},"5":{"start":{"line":9,"column":8},"end":{"line":9,"column":72}},"6":{"start":{"line":12,"column":8},"end":{"line":12,"column":74}},"7":{"start":{"line":16,"column":21},"end":{"line":34,"column":1}},"8":{"start":{"line":17,"column":4},"end":{"line":33,"column":5}},"9":{"start":{"line":18,"column":27},"end":{"line":18,"column":35}},"10":{"start":{"line":19,"column":27},"end":{"line":19,"column":61}},"11":{"start":{"line":20,"column":23},"end":{"line":20,"column":82}},"12":{"start":{"line":20,"column":47},"end":{"line":20,"column":81}},"13":{"start":{"line":22,"column":8},"end":{"line":29,"column":9}},"14":{"start":{"line":23,"column":12},"end":{"line":25,"column":14}},"15":{"start":{"line":26,"column":12},"end":{"line":26,"column":72}},"16":{"start":{"line":28,"column":12},"end":{"line":28,"column":65}},"17":{"start":{"line":32,"column":8},"end":{"line":32,"column":74}},"18":{"start":{"line":36,"column":21},"end":{"line":55,"column":1}},"19":{"start":{"line":37,"column":4},"end":{"line":54,"column":5}},"20":{"start":{"line":38,"column":19},"end":{"line":38,"column":38}},"21":{"start":{"line":39,"column":25},"end":{"line":44,"column":10}},"22":{"start":{"line":46,"column":8},"end":{"line":50,"column":9}},"23":{"start":{"line":47,"column":12},"end":{"line":47,"column":49}},"24":{"start":{"line":49,"column":12},"end":{"line":49,"column":67}},"25":{"start":{"line":53,"column":8},"end":{"line":53,"column":74}},"26":{"start":{"line":57,"column":24},"end":{"line":75,"column":1}},"27":{"start":{"line":58,"column":4},"end":{"line":74,"column":5}},"28":{"start":{"line":59,"column":19},"end":{"line":59,"column":32}},"29":{"start":{"line":60,"column":25},"end":{"line":65,"column":10}},"30":{"start":{"line":66,"column":8},"end":{"line":70,"column":9}},"31":{"start":{"line":67,"column":12},"end":{"line":67,"column":72}},"32":{"start":{"line":69,"column":12},"end":{"line":69,"column":67}},"33":{"start":{"line":73,"column":8},"end":{"line":73,"column":74}},"34":{"start":{"line":77,"column":24},"end":{"line":94,"column":1}},"35":{"start":{"line":78,"column":4},"end":{"line":93,"column":5}},"36":{"start":{"line":79,"column":19},"end":{"line":79,"column":32}},"37":{"start":{"line":80,"column":25},"end":{"line":84,"column":10}},"38":{"start":{"line":85,"column":8},"end":{"line":89,"column":9}},"39":{"start":{"line":86,"column":12},"end":{"line":86,"column":72}},"40":{"start":{"line":88,"column":12},"end":{"line":88,"column":67}},"41":{"start":{"line":92,"column":8},"end":{"line":92,"column":74}},"42":{"start":{"line":96,"column":0},"end":{"line":102,"column":1}}},"fnMap":{"0":{"name":"(anonymous_0)","decl":{"start":{"line":4,"column":23},"end":{"line":4,"column":24}},"loc":{"start":{"line":4,"column":40},"end":{"line":14,"column":1}},"line":4},"1":{"name":"(anonymous_1)","decl":{"start":{"line":16,"column":21},"end":{"line":16,"column":22}},"loc":{"start":{"line":16,"column":38},"end":{"line":34,"column":1}},"line":16},"2":{"name":"(anonymous_2)","decl":{"start":{"line":20,"column":39},"end":{"line":20,"column":40}},"loc":{"start":{"line":20,"column":47},"end":{"line":20,"column":81}},"line":20},"3":{"name":"(anonymous_3)","decl":{"start":{"line":36,"column":21},"end":{"line":36,"column":22}},"loc":{"start":{"line":36,"column":38},"end":{"line":55,"column":1}},"line":36},"4":{"name":"(anonymous_4)","decl":{"start":{"line":57,"column":24},"end":{"line":57,"column":25}},"loc":{"start":{"line":57,"column":41},"end":{"line":75,"column":1}},"line":57},"5":{"name":"(anonymous_5)","decl":{"start":{"line":77,"column":24},"end":{"line":77,"column":25}},"loc":{"start":{"line":77,"column":41},"end":{"line":94,"column":1}},"line":77}},"branchMap":{"0":{"loc":{"start":{"line":12,"column":29},"end":{"line":12,"column":73}},"type":"binary-expr","locations":[{"start":{"line":12,"column":29},"end":{"line":12,"column":42}},{"start":{"line":12,"column":46},"end":{"line":12,"column":73}}],"line":12},"1":{"loc":{"start":{"line":22,"column":8},"end":{"line":29,"column":9}},"type":"if","locations":[{"start":{"line":22,"column":8},"end":{"line":29,"column":9}},{"start":{"line":27,"column":13},"end":{"line":29,"column":9}}],"line":22},"2":{"loc":{"start":{"line":32,"column":29},"end":{"line":32,"column":73}},"type":"binary-expr","locations":[{"start":{"line":32,"column":29},"end":{"line":32,"column":42}},{"start":{"line":32,"column":46},"end":{"line":32,"column":73}}],"line":32},"3":{"loc":{"start":{"line":46,"column":8},"end":{"line":50,"column":9}},"type":"if","locations":[{"start":{"line":46,"column":8},"end":{"line":50,"column":9}},{"start":{"line":48,"column":13},"end":{"line":50,"column":9}}],"line":46},"4":{"loc":{"start":{"line":53,"column":29},"end":{"line":53,"column":73}},"type":"binary-expr","locations":[{"start":{"line":53,"column":29},"end":{"line":53,"column":42}},{"start":{"line":53,"column":46},"end":{"line":53,"column":73}}],"line":53},"5":{"loc":{"start":{"line":66,"column":8},"end":{"line":70,"column":9}},"type":"if","locations":[{"start":{"line":66,"column":8},"end":{"line":70,"column":9}},{"start":{"line":68,"column":13},"end":{"line":70,"column":9}}],"line":66},"6":{"loc":{"start":{"line":73,"column":29},"end":{"line":73,"column":73}},"type":"binary-expr","locations":[{"start":{"line":73,"column":29},"end":{"line":73,"column":42}},{"start":{"line":73,"column":46},"end":{"line":73,"column":73}}],"line":73},"7":{"loc":{"start":{"line":85,"column":8},"end":{"line":89,"column":9}},"type":"if","locations":[{"start":{"line":85,"column":8},"end":{"line":89,"column":9}},{"start":{"line":87,"column":13},"end":{"line":89,"column":9}}],"line":85},"8":{"loc":{"start":{"line":92,"column":29},"end":{"line":92,"column":73}},"type":"binary-expr","locations":[{"start":{"line":92,"column":29},"end":{"line":92,"column":42}},{"start":{"line":92,"column":46},"end":{"line":92,"column":73}}],"line":92}},"s":{"0":3,"1":3,"2":3,"3":1,"4":1,"5":1,"6":0,"7":3,"8":0,"9":0,"10":0,"11":0,"12":0,"13":0,"14":0,"15":0,"16":0,"17":0,"18":3,"19":0,"20":0,"21":0,"22":0,"23":0,"24":0,"25":0,"26":3,"27":0,"28":0,"29":0,"30":0,"31":0,"32":0,"33":0,"34":3,"35":0,"36":0,"37":0,"38":0,"39":0,"40":0,"41":0,"42":3},"f":{"0":1,"1":0,"2":0,"3":0,"4":0,"5":0},"b":{"0":[0,0],"1":[0,0],"2":[0,0],"3":[0,0],"4":[0,0],"5":[0,0],"6":[0,0],"7":[0,0],"8":[0,0]},"_coverageSchema":"1a1c01bbd47fc00a2c39e90264f33305004495a9","hash":"c23fbdc853666b882956277fb6b8897317170ff9"}
,"C:\\Users\\TAATA EARL\\Desktop\\kanzucode\\fullstack-capstone\\backend\\controllers\\ProductController.js": {"path":"C:\\Users\\TAATA EARL\\Desktop\\kanzucode\\fullstack-capstone\\backend\\controllers\\ProductController.js","statementMap":{"0":{"start":{"line":1,"column":23},"end":{"line":1,"column":48}},"1":{"start":{"line":2,"column":15},"end":{"line":2,"column":33}},"2":{"start":{"line":4,"column":21},"end":{"line":14,"column":1}},"3":{"start":{"line":5,"column":4},"end":{"line":13,"column":5}},"4":{"start":{"line":6,"column":25},"end":{"line":8,"column":10}},"5":{"start":{"line":9,"column":8},"end":{"line":9,"column":68}},"6":{"start":{"line":12,"column":8},"end":{"line":12,"column":74}},"7":{"start":{"line":16,"column":20},"end":{"line":43,"column":1}},"8":{"start":{"line":17,"column":4},"end":{"line":42,"column":5}},"9":{"start":{"line":18,"column":61},"end":{"line":18,"column":69}},"10":{"start":{"line":19,"column":25},"end":{"line":23,"column":10}},"11":{"start":{"line":25,"column":8},"end":{"line":38,"column":9}},"12":{"start":{"line":26,"column":12},"end":{"line":34,"column":14}},"13":{"start":{"line":35,"column":12},"end":{"line":35,"column":71}},"14":{"start":{"line":37,"column":12},"end":{"line":37,"column":64}},"15":{"start":{"line":41,"column":8},"end":{"line":41,"column":74}},"16":{"start":{"line":45,"column":20},"end":{"line":64,"column":1}},"17":{"start":{"line":46,"column":4},"end":{"line":63,"column":5}},"18":{"start":{"line":47,"column":19},"end":{"line":47,"column":38}},"19":{"start":{"line":48,"column":24},"end":{"line":53,"column":10}},"20":{"start":{"line":55,"column":8},"end":{"line":59,"column":9}},"21":{"start":{"line":56,"column":12},"end":{"line":56,"column":48}},"22":{"start":{"line":58,"column":12},"end":{"line":58,"column":66}},"23":{"start":{"line":62,"column":8},"end":{"line":62,"column":74}},"24":{"start":{"line":66,"column":23},"end":{"line":84,"column":1}},"25":{"start":{"line":67,"column":4},"end":{"line":83,"column":5}},"26":{"start":{"line":68,"column":19},"end":{"line":68,"column":32}},"27":{"start":{"line":69,"column":24},"end":{"line":74,"column":10}},"28":{"start":{"line":75,"column":8},"end":{"line":79,"column":9}},"29":{"start":{"line":76,"column":12},"end":{"line":76,"column":71}},"30":{"start":{"line":78,"column":12},"end":{"line":78,"column":66}},"31":{"start":{"line":82,"column":8},"end":{"line":82,"column":74}},"32":{"start":{"line":86,"column":23},"end":{"line":103,"column":1}},"33":{"start":{"line":87,"column":4},"end":{"line":102,"column":5}},"34":{"start":{"line":88,"column":19},"end":{"line":88,"column":32}},"35":{"start":{"line":89,"column":24},"end":{"line":93,"column":10}},"36":{"start":{"line":94,"column":8},"end":{"line":98,"column":9}},"37":{"start":{"line":95,"column":12},"end":{"line":95,"column":71}},"38":{"start":{"line":97,"column":12},"end":{"line":97,"column":66}},"39":{"start":{"line":101,"column":8},"end":{"line":101,"column":74}},"40":{"start":{"line":105,"column":0},"end":{"line":111,"column":1}}},"fnMap":{"0":{"name":"(anonymous_0)","decl":{"start":{"line":4,"column":21},"end":{"line":4,"column":22}},"loc":{"start":{"line":4,"column":38},"end":{"line":14,"column":1}},"line":4},"1":{"name":"(anonymous_1)","decl":{"start":{"line":16,"column":20},"end":{"line":16,"column":21}},"loc":{"start":{"line":16,"column":37},"end":{"line":43,"column":1}},"line":16},"2":{"name":"(anonymous_2)","decl":{"start":{"line":45,"column":20},"end":{"line":45,"column":21}},"loc":{"start":{"line":45,"column":37},"end":{"line":64,"column":1}},"line":45},"3":{"name":"(anonymous_3)","decl":{"start":{"line":66,"column":23},"end":{"line":66,"column":24}},"loc":{"start":{"line":66,"column":40},"end":{"line":84,"column":1}},"line":66},"4":{"name":"(anonymous_4)","decl":{"start":{"line":86,"column":23},"end":{"line":86,"column":24}},"loc":{"start":{"line":86,"column":40},"end":{"line":103,"column":1}},"line":86}},"branchMap":{"0":{"loc":{"start":{"line":12,"column":29},"end":{"line":12,"column":73}},"type":"binary-expr","locations":[{"start":{"line":12,"column":29},"end":{"line":12,"column":42}},{"start":{"line":12,"column":46},"end":{"line":12,"column":73}}],"line":12},"1":{"loc":{"start":{"line":25,"column":8},"end":{"line":38,"column":9}},"type":"if","locations":[{"start":{"line":25,"column":8},"end":{"line":38,"column":9}},{"start":{"line":36,"column":13},"end":{"line":38,"column":9}}],"line":25},"2":{"loc":{"start":{"line":41,"column":29},"end":{"line":41,"column":73}},"type":"binary-expr","locations":[{"start":{"line":41,"column":29},"end":{"line":41,"column":42}},{"start":{"line":41,"column":46},"end":{"line":41,"column":73}}],"line":41},"3":{"loc":{"start":{"line":55,"column":8},"end":{"line":59,"column":9}},"type":"if","locations":[{"start":{"line":55,"column":8},"end":{"line":59,"column":9}},{"start":{"line":57,"column":13},"end":{"line":59,"column":9}}],"line":55},"4":{"loc":{"start":{"line":62,"column":29},"end":{"line":62,"column":73}},"type":"binary-expr","locations":[{"start":{"line":62,"column":29},"end":{"line":62,"column":42}},{"start":{"line":62,"column":46},"end":{"line":62,"column":73}}],"line":62},"5":{"loc":{"start":{"line":75,"column":8},"end":{"line":79,"column":9}},"type":"if","locations":[{"start":{"line":75,"column":8},"end":{"line":79,"column":9}},{"start":{"line":77,"column":13},"end":{"line":79,"column":9}}],"line":75},"6":{"loc":{"start":{"line":82,"column":29},"end":{"line":82,"column":73}},"type":"binary-expr","locations":[{"start":{"line":82,"column":29},"end":{"line":82,"column":42}},{"start":{"line":82,"column":46},"end":{"line":82,"column":73}}],"line":82},"7":{"loc":{"start":{"line":94,"column":8},"end":{"line":98,"column":9}},"type":"if","locations":[{"start":{"line":94,"column":8},"end":{"line":98,"column":9}},{"start":{"line":96,"column":13},"end":{"line":98,"column":9}}],"line":94},"8":{"loc":{"start":{"line":101,"column":29},"end":{"line":101,"column":73}},"type":"binary-expr","locations":[{"start":{"line":101,"column":29},"end":{"line":101,"column":42}},{"start":{"line":101,"column":46},"end":{"line":101,"column":73}}],"line":101}},"s":{"0":3,"1":3,"2":3,"3":1,"4":1,"5":1,"6":0,"7":3,"8":0,"9":0,"10":0,"11":0,"12":0,"13":0,"14":0,"15":0,"16":3,"17":0,"18":0,"19":0,"20":0,"21":0,"22":0,"23":0,"24":3,"25":0,"26":0,"27":0,"28":0,"29":0,"30":0,"31":0,"32":3,"33":0,"34":0,"35":0,"36":0,"37":0,"38":0,"39":0,"40":3},"f":{"0":1,"1":0,"2":0,"3":0,"4":0},"b":{"0":[0,0],"1":[0,0],"2":[0,0],"3":[0,0],"4":[0,0],"5":[0,0],"6":[0,0],"7":[0,0],"8":[0,0]},"_coverageSchema":"1a1c01bbd47fc00a2c39e90264f33305004495a9","hash":"9e586e1d009804d95b7426584a4ab3e58345208f"}
,"C:\\Users\\TAATA EARL\\Desktop\\kanzucode\\fullstack-capstone\\backend\\controllers\\UserController.js": {"path":"C:\\Users\\TAATA EARL\\Desktop\\kanzucode\\fullstack-capstone\\backend\\controllers\\UserController.js","statementMap":{"0":{"start":{"line":1,"column":23},"end":{"line":1,"column":48}},"1":{"start":{"line":2,"column":15},"end":{"line":2,"column":33}},"2":{"start":{"line":3,"column":15},"end":{"line":3,"column":32}},"3":{"start":{"line":4,"column":12},"end":{"line":4,"column":35}},"4":{"start":{"line":6,"column":15},"end":{"line":36,"column":1}},"5":{"start":{"line":7,"column":4},"end":{"line":35,"column":5}},"6":{"start":{"line":8,"column":19},"end":{"line":8,"column":43}},"7":{"start":{"line":9,"column":28},"end":{"line":9,"column":69}},"8":{"start":{"line":11,"column":22},"end":{"line":15,"column":10}},"9":{"start":{"line":17,"column":8},"end":{"line":31,"column":9}},"10":{"start":{"line":18,"column":29},"end":{"line":24,"column":14}},"11":{"start":{"line":25,"column":12},"end":{"line":28,"column":14}},"12":{"start":{"line":30,"column":12},"end":{"line":30,"column":85}},"13":{"start":{"line":34,"column":8},"end":{"line":34,"column":74}},"14":{"start":{"line":38,"column":15},"end":{"line":61,"column":1}},"15":{"start":{"line":39,"column":4},"end":{"line":60,"column":5}},"16":{"start":{"line":40,"column":22},"end":{"line":44,"column":10}},"17":{"start":{"line":45,"column":8},"end":{"line":45,"column":77}},"18":{"start":{"line":45,"column":19},"end":{"line":45,"column":77}},"19":{"start":{"line":47,"column":30},"end":{"line":47,"column":84}},"20":{"start":{"line":48,"column":8},"end":{"line":48,"column":85}},"21":{"start":{"line":48,"column":27},"end":{"line":48,"column":85}},"22":{"start":{"line":50,"column":21},"end":{"line":52,"column":33}},"23":{"start":{"line":54,"column":8},"end":{"line":56,"column":10}},"24":{"start":{"line":59,"column":8},"end":{"line":59,"column":74}},"25":{"start":{"line":63,"column":18},"end":{"line":73,"column":1}},"26":{"start":{"line":64,"column":4},"end":{"line":72,"column":5}},"27":{"start":{"line":65,"column":22},"end":{"line":65,"column":52}},"28":{"start":{"line":66,"column":8},"end":{"line":68,"column":10}},"29":{"start":{"line":71,"column":8},"end":{"line":71,"column":74}},"30":{"start":{"line":75,"column":0},"end":{"line":79,"column":1}}},"fnMap":{"0":{"name":"(anonymous_0)","decl":{"start":{"line":6,"column":15},"end":{"line":6,"column":16}},"loc":{"start":{"line":6,"column":32},"end":{"line":36,"column":1}},"line":6},"1":{"name":"(anonymous_1)","decl":{"start":{"line":38,"column":15},"end":{"line":38,"column":16}},"loc":{"start":{"line":38,"column":32},"end":{"line":61,"column":1}},"line":38},"2":{"name":"(anonymous_2)","decl":{"start":{"line":63,"column":18},"end":{"line":63,"column":19}},"loc":{"start":{"line":63,"column":35},"end":{"line":73,"column":1}},"line":63}},"branchMap":{"0":{"loc":{"start":{"line":17,"column":8},"end":{"line":31,"column":9}},"type":"if","locations":[{"start":{"line":17,"column":8},"end":{"line":31,"column":9}},{"start":{"line":29,"column":13},"end":{"line":31,"column":9}}],"line":17},"1":{"loc":{"start":{"line":34,"column":29},"end":{"line":34,"column":73}},"type":"binary-expr","locations":[{"start":{"line":34,"column":29},"end":{"line":34,"column":42}},{"start":{"line":34,"column":46},"end":{"line":34,"column":73}}],"line":34},"2":{"loc":{"start":{"line":45,"column":8},"end":{"line":45,"column":77}},"type":"if","locations":[{"start":{"line":45,"column":8},"end":{"line":45,"column":77}},{"start":{},"end":{}}],"line":45},"3":{"loc":{"start":{"line":48,"column":8},"end":{"line":48,"column":85}},"type":"if","locations":[{"start":{"line":48,"column":8},"end":{"line":48,"column":85}},{"start":{},"end":{}}],"line":48},"4":{"loc":{"start":{"line":59,"column":29},"end":{"line":59,"column":73}},"type":"binary-expr","locations":[{"start":{"line":59,"column":29},"end":{"line":59,"column":42}},{"start":{"line":59,"column":46},"end":{"line":59,"column":73}}],"line":59},"5":{"loc":{"start":{"line":71,"column":29},"end":{"line":71,"column":73}},"type":"binary-expr","locations":[{"start":{"line":71,"column":29},"end":{"line":71,"column":42}},{"start":{"line":71,"column":46},"end":{"line":71,"column":73}}],"line":71}},"s":{"0":3,"1":3,"2":3,"3":3,"4":3,"5":0,"6":0,"7":0,"8":0,"9":0,"10":0,"11":0,"12":0,"13":0,"14":3,"15":0,"16":0,"17":0,"18":0,"19":0,"20":0,"21":0,"22":0,"23":0,"24":0,"25":3,"26":0,"27":0,"28":0,"29":0,"30":3},"f":{"0":0,"1":0,"2":0},"b":{"0":[0,0],"1":[0,0],"2":[0,0],"3":[0,0],"4":[0,0],"5":[0,0]},"_coverageSchema":"1a1c01bbd47fc00a2c39e90264f33305004495a9","hash":"2da94fee698c8c00f638b926113456407511c060"}
,"C:\\Users\\TAATA EARL\\Desktop\\kanzucode\\fullstack-capstone\\backend\\helpers\\authenticate.js": {"path":"C:\\Users\\TAATA EARL\\Desktop\\kanzucode\\fullstack-capstone\\backend\\helpers\\authenticate.js","statementMap":{"0":{"start":{"line":1,"column":12},"end":{"line":1,"column":35}},"1":{"start":{"line":3,"column":21},"end":{"line":23,"column":1}},"2":{"start":{"line":4,"column":23},"end":{"line":4,"column":51}},"3":{"start":{"line":6,"column":4},"end":{"line":22,"column":5}},"4":{"start":{"line":7,"column":8},"end":{"line":19,"column":9}},"5":{"start":{"line":8,"column":26},"end":{"line":8,"column":50}},"6":{"start":{"line":9,"column":12},"end":{"line":16,"column":14}},"7":{"start":{"line":10,"column":16},"end":{"line":15,"column":17}},"8":{"start":{"line":11,"column":20},"end":{"line":11,"column":67}},"9":{"start":{"line":13,"column":20},"end":{"line":13,"column":40}},"10":{"start":{"line":14,"column":20},"end":{"line":14,"column":26}},"11":{"start":{"line":18,"column":11},"end":{"line":18,"column":72}},"12":{"start":{"line":21,"column":8},"end":{"line":21,"column":55}},"13":{"start":{"line":25,"column":0},"end":{"line":25,"column":29}}},"fnMap":{"0":{"name":"(anonymous_0)","decl":{"start":{"line":3,"column":21},"end":{"line":3,"column":22}},"loc":{"start":{"line":3,"column":38},"end":{"line":23,"column":1}},"line":3},"1":{"name":"(anonymous_1)","decl":{"start":{"line":9,"column":52},"end":{"line":9,"column":53}},"loc":{"start":{"line":9,"column":67},"end":{"line":16,"column":13}},"line":9}},"branchMap":{"0":{"loc":{"start":{"line":6,"column":4},"end":{"line":22,"column":5}},"type":"if","locations":[{"start":{"line":6,"column":4},"end":{"line":22,"column":5}},{"start":{"line":20,"column":9},"end":{"line":22,"column":5}}],"line":6},"1":{"loc":{"start":{"line":7,"column":8},"end":{"line":19,"column":9}},"type":"if","locations":[{"start":{"line":7,"column":8},"end":{"line":19,"column":9}},{"start":{"line":17,"column":13},"end":{"line":19,"column":9}}],"line":7},"2":{"loc":{"start":{"line":10,"column":16},"end":{"line":15,"column":17}},"type":"if","locations":[{"start":{"line":10,"column":16},"end":{"line":15,"column":17}},{"start":{"line":12,"column":21},"end":{"line":15,"column":17}}],"line":10}},"s":{"0":3,"1":3,"2":3,"3":3,"4":0,"5":0,"6":0,"7":0,"8":0,"9":0,"10":0,"11":0,"12":3,"13":3},"f":{"0":3,"1":0},"b":{"0":[0,3],"1":[0,0],"2":[0,0]},"_coverageSchema":"1a1c01bbd47fc00a2c39e90264f33305004495a9","hash":"7275c5e31d082e3a9a539a68b033bcaaeca08228"}
,"C:\\Users\\TAATA EARL\\Desktop\\kanzucode\\fullstack-capstone\\backend\\helpers\\categorySchema.js": {"path":"C:\\Users\\TAATA EARL\\Desktop\\kanzucode\\fullstack-capstone\\backend\\helpers\\categorySchema.js","statementMap":{"0":{"start":{"line":1,"column":12},"end":{"line":1,"column":26}},"1":{"start":{"line":3,"column":23},"end":{"line":5,"column":2}},"2":{"start":{"line":7,"column":0},"end":{"line":7,"column":31}}},"fnMap":{},"branchMap":{},"s":{"0":3,"1":3,"2":3},"f":{},"b":{},"_coverageSchema":"1a1c01bbd47fc00a2c39e90264f33305004495a9","hash":"efd182b953fe1fe048540ac344b858ed17c97c95"}
,"C:\\Users\\TAATA EARL\\Desktop\\kanzucode\\fullstack-capstone\\backend\\helpers\\productSchema.js": {"path":"C:\\Users\\TAATA EARL\\Desktop\\kanzucode\\fullstack-capstone\\backend\\helpers\\productSchema.js","statementMap":{"0":{"start":{"line":1,"column":12},"end":{"line":1,"column":26}},"1":{"start":{"line":3,"column":22},"end":{"line":8,"column":2}},"2":{"start":{"line":11,"column":0},"end":{"line":11,"column":30}}},"fnMap":{},"branchMap":{},"s":{"0":3,"1":3,"2":3},"f":{},"b":{},"_coverageSchema":"1a1c01bbd47fc00a2c39e90264f33305004495a9","hash":"2eeec7e18bbfb2eb7bb5d63a1b03ee1e620d222f"}
,"C:\\Users\\TAATA EARL\\Desktop\\kanzucode\\fullstack-capstone\\backend\\helpers\\userSchema.js": {"path":"C:\\Users\\TAATA EARL\\Desktop\\kanzucode\\fullstack-capstone\\backend\\helpers\\userSchema.js","statementMap":{"0":{"start":{"line":1,"column":12},"end":{"line":1,"column":26}},"1":{"start":{"line":3,"column":21},"end":{"line":7,"column":2}},"2":{"start":{"line":9,"column":21},"end":{"line":12,"column":2}},"3":{"start":{"line":14,"column":0},"end":{"line":14,"column":44}}},"fnMap":{},"branchMap":{},"s":{"0":3,"1":3,"2":3,"3":3},"f":{},"b":{},"_coverageSchema":"1a1c01bbd47fc00a2c39e90264f33305004495a9","hash":"1e2d131364fdd32cd2640dbe5c190ec84568489d"}
,"C:\\Users\\TAATA EARL\\Desktop\\kanzucode\\fullstack-capstone\\backend\\helpers\\validateSchema.js": {"path":"C:\\Users\\TAATA EARL\\Desktop\\kanzucode\\fullstack-capstone\\backend\\helpers\\validateSchema.js","statementMap":{"0":{"start":{"line":1,"column":23},"end":{"line":15,"column":1}},"1":{"start":{"line":2,"column":4},"end":{"line":14,"column":5}},"2":{"start":{"line":4,"column":34},"end":{"line":4,"column":59}},"3":{"start":{"line":6,"column":12},"end":{"line":12,"column":13}},"4":{"start":{"line":7,"column":16},"end":{"line":9,"column":18}},"5":{"start":{"line":11,"column":16},"end":{"line":11,"column":22}},"6":{"start":{"line":17,"column":0},"end":{"line":17,"column":31}}},"fnMap":{"0":{"name":"(anonymous_0)","decl":{"start":{"line":1,"column":23},"end":{"line":1,"column":24}},"loc":{"start":{"line":1,"column":34},"end":{"line":15,"column":1}},"line":1},"1":{"name":"(anonymous_1)","decl":{"start":{"line":3,"column":8},"end":{"line":3,"column":9}},"loc":{"start":{"line":3,"column":25},"end":{"line":13,"column":9}},"line":3}},"branchMap":{"0":{"loc":{"start":{"line":6,"column":12},"end":{"line":12,"column":13}},"type":"if","locations":[{"start":{"line":6,"column":12},"end":{"line":12,"column":13}},{"start":{"line":10,"column":17},"end":{"line":12,"column":13}}],"line":6}},"s":{"0":3,"1":18,"2":2,"3":2,"4":2,"5":0,"6":3},"f":{"0":18,"1":2},"b":{"0":[2,0]},"_coverageSchema":"1a1c01bbd47fc00a2c39e90264f33305004495a9","hash":"cfaefa815b69d75862288e762429041fa45c6053"}
,"C:\\Users\\TAATA EARL\\Desktop\\kanzucode\\fullstack-capstone\\backend\\routes\\CategoryRoutes.js": {"path":"C:\\Users\\TAATA EARL\\Desktop\\kanzucode\\fullstack-capstone\\backend\\routes\\CategoryRoutes.js","statementMap":{"0":{"start":{"line":1,"column":16},"end":{"line":1,"column":34}},"1":{"start":{"line":2,"column":15},"end":{"line":2,"column":31}},"2":{"start":{"line":4,"column":21},"end":{"line":4,"column":55}},"3":{"start":{"line":5,"column":23},"end":{"line":5,"column":59}},"4":{"start":{"line":6,"column":23},"end":{"line":6,"column":59}},"5":{"start":{"line":14,"column":4},"end":{"line":14,"column":48}},"6":{"start":{"line":16,"column":0},"end":{"line":16,"column":30}},"7":{"start":{"line":17,"column":0},"end":{"line":17,"column":75}},"8":{"start":{"line":18,"column":0},"end":{"line":18,"column":31}},"9":{"start":{"line":19,"column":0},"end":{"line":19,"column":82}},"10":{"start":{"line":20,"column":0},"end":{"line":20,"column":50}},"11":{"start":{"line":22,"column":0},"end":{"line":22,"column":23}}},"fnMap":{},"branchMap":{},"s":{"0":3,"1":3,"2":3,"3":3,"4":3,"5":3,"6":3,"7":3,"8":3,"9":3,"10":3,"11":3},"f":{},"b":{},"_coverageSchema":"1a1c01bbd47fc00a2c39e90264f33305004495a9","hash":"2fd0dc7a8c2c5a2d9ad45045f040dc386d0be976"}
,"C:\\Users\\TAATA EARL\\Desktop\\kanzucode\\fullstack-capstone\\backend\\routes\\ProductRoutes.js": {"path":"C:\\Users\\TAATA EARL\\Desktop\\kanzucode\\fullstack-capstone\\backend\\routes\\ProductRoutes.js","statementMap":{"0":{"start":{"line":1,"column":16},"end":{"line":1,"column":34}},"1":{"start":{"line":2,"column":15},"end":{"line":2,"column":31}},"2":{"start":{"line":3,"column":19},"end":{"line":3,"column":40}},"3":{"start":{"line":4,"column":15},"end":{"line":4,"column":32}},"4":{"start":{"line":6,"column":23},"end":{"line":6,"column":48}},"5":{"start":{"line":7,"column":15},"end":{"line":7,"column":33}},"6":{"start":{"line":9,"column":21},"end":{"line":9,"column":55}},"7":{"start":{"line":10,"column":23},"end":{"line":10,"column":59}},"8":{"start":{"line":11,"column":22},"end":{"line":11,"column":57}},"9":{"start":{"line":13,"column":0},"end":{"line":17,"column":2}},"10":{"start":{"line":19,"column":16},"end":{"line":19,"column":38}},"11":{"start":{"line":20,"column":15},"end":{"line":20,"column":32}},"12":{"start":{"line":27,"column":4},"end":{"line":27,"column":47}},"13":{"start":{"line":29,"column":0},"end":{"line":29,"column":28}},"14":{"start":{"line":31,"column":0},"end":{"line":58,"column":2}},"15":{"start":{"line":32,"column":4},"end":{"line":57,"column":5}},"16":{"start":{"line":33,"column":23},"end":{"line":33,"column":89}},"17":{"start":{"line":34,"column":25},"end":{"line":38,"column":10}},"18":{"start":{"line":40,"column":8},"end":{"line":53,"column":9}},"19":{"start":{"line":41,"column":12},"end":{"line":49,"column":14}},"20":{"start":{"line":50,"column":12},"end":{"line":50,"column":71}},"21":{"start":{"line":52,"column":12},"end":{"line":52,"column":64}},"22":{"start":{"line":56,"column":8},"end":{"line":56,"column":74}},"23":{"start":{"line":59,"column":0},"end":{"line":59,"column":30}},"24":{"start":{"line":60,"column":0},"end":{"line":60,"column":80}},"25":{"start":{"line":61,"column":0},"end":{"line":61,"column":49}},"26":{"start":{"line":63,"column":0},"end":{"line":63,"column":23}}},"fnMap":{"0":{"name":"(anonymous_0)","decl":{"start":{"line":31,"column":84},"end":{"line":31,"column":85}},"loc":{"start":{"line":31,"column":100},"end":{"line":58,"column":1}},"line":31}},"branchMap":{"0":{"loc":{"start":{"line":40,"column":8},"end":{"line":53,"column":9}},"type":"if","locations":[{"start":{"line":40,"column":8},"end":{"line":53,"column":9}},{"start":{"line":51,"column":13},"end":{"line":53,"column":9}}],"line":40},"1":{"loc":{"start":{"line":56,"column":29},"end":{"line":56,"column":73}},"type":"binary-expr","locations":[{"start":{"line":56,"column":29},"end":{"line":56,"column":42}},{"start":{"line":56,"column":46},"end":{"line":56,"column":73}}],"line":56}},"s":{"0":3,"1":3,"2":3,"3":3,"4":3,"5":3,"6":3,"7":3,"8":3,"9":3,"10":3,"11":3,"12":3,"13":3,"14":3,"15":0,"16":0,"17":0,"18":0,"19":0,"20":0,"21":0,"22":0,"23":3,"24":3,"25":3,"26":3},"f":{"0":0},"b":{"0":[0,0],"1":[0,0]},"_coverageSchema":"1a1c01bbd47fc00a2c39e90264f33305004495a9","hash":"63df8ae50f429178ffd58c716d43d26e27e0ce99"}
,"C:\\Users\\TAATA EARL\\Desktop\\kanzucode\\fullstack-capstone\\backend\\routes\\UserRoutes.js": {"path":"C:\\Users\\TAATA EARL\\Desktop\\kanzucode\\fullstack-capstone\\backend\\routes\\UserRoutes.js","statementMap":{"0":{"start":{"line":1,"column":16},"end":{"line":1,"column":34}},"1":{"start":{"line":2,"column":15},"end":{"line":2,"column":31}},"2":{"start":{"line":3,"column":21},"end":{"line":3,"column":55}},"3":{"start":{"line":4,"column":23},"end":{"line":4,"column":59}},"4":{"start":{"line":5,"column":36},"end":{"line":5,"column":68}},"5":{"start":{"line":11,"column":4},"end":{"line":11,"column":44}},"6":{"start":{"line":13,"column":0},"end":{"line":13,"column":38}},"7":{"start":{"line":14,"column":0},"end":{"line":14,"column":59}},"8":{"start":{"line":15,"column":0},"end":{"line":15,"column":59}},"9":{"start":{"line":17,"column":0},"end":{"line":17,"column":23}}},"fnMap":{},"branchMap":{},"s":{"0":3,"1":3,"2":3,"3":3,"4":3,"5":3,"6":3,"7":3,"8":3,"9":3},"f":{},"b":{},"_coverageSchema":"1a1c01bbd47fc00a2c39e90264f33305004495a9","hash":"0c3909b4c9afe774705c937a62f6504445ea5d0f"}
}
