TN:
SF:app.js
FNF:0
FNH:0
DA:1,3
DA:2,3
DA:3,3
DA:4,3
DA:6,3
DA:8,3
DA:9,3
DA:11,3
DA:21,3
DA:22,3
DA:23,3
DA:26,3
LF:12
LH:12
BRF:0
BRH:0
end_of_record
TN:
SF:controllers\CategoryController.js
FN:4,(anonymous_0)
FN:16,(anonymous_1)
FN:20,(anonymous_2)
FN:36,(anonymous_3)
FN:57,(anonymous_4)
FN:77,(anonymous_5)
FNF:6
FNH:1
FNDA:1,(anonymous_0)
FNDA:0,(anonymous_1)
FNDA:0,(anonymous_2)
FNDA:0,(anonymous_3)
FNDA:0,(anonymous_4)
FNDA:0,(anonymous_5)
DA:1,3
DA:2,3
DA:4,3
DA:5,1
DA:6,1
DA:9,1
DA:12,0
DA:16,3
DA:17,0
DA:18,0
DA:19,0
DA:20,0
DA:22,0
DA:23,0
DA:26,0
DA:28,0
DA:32,0
DA:36,3
DA:37,0
DA:38,0
DA:39,0
DA:46,0
DA:47,0
DA:49,0
DA:53,0
DA:57,3
DA:58,0
DA:59,0
DA:60,0
DA:66,0
DA:67,0
DA:69,0
DA:73,0
DA:77,3
DA:78,0
DA:79,0
DA:80,0
DA:85,0
DA:86,0
DA:88,0
DA:92,0
DA:96,3
LF:42
LH:11
BRDA:12,0,0,0
BRDA:12,0,1,0
BRDA:22,1,0,0
BRDA:22,1,1,0
BRDA:32,2,0,0
BRDA:32,2,1,0
BRDA:46,3,0,0
BRDA:46,3,1,0
BRDA:53,4,0,0
BRDA:53,4,1,0
BRDA:66,5,0,0
BRDA:66,5,1,0
BRDA:73,6,0,0
BRDA:73,6,1,0
BRDA:85,7,0,0
BRDA:85,7,1,0
BRDA:92,8,0,0
BRDA:92,8,1,0
BRF:18
BRH:0
end_of_record
TN:
SF:controllers\ProductController.js
FN:4,(anonymous_0)
FN:16,(anonymous_1)
FN:45,(anonymous_2)
FN:66,(anonymous_3)
FN:86,(anonymous_4)
FNF:5
FNH:1
FNDA:1,(anonymous_0)
FNDA:0,(anonymous_1)
FNDA:0,(anonymous_2)
FNDA:0,(anonymous_3)
FNDA:0,(anonymous_4)
DA:1,3
DA:2,3
DA:4,3
DA:5,1
DA:6,1
DA:9,1
DA:12,0
DA:16,3
DA:17,0
DA:18,0
DA:19,0
DA:25,0
DA:26,0
DA:35,0
DA:37,0
DA:41,0
DA:45,3
DA:46,0
DA:47,0
DA:48,0
DA:55,0
DA:56,0
DA:58,0
DA:62,0
DA:66,3
DA:67,0
DA:68,0
DA:69,0
DA:75,0
DA:76,0
DA:78,0
DA:82,0
DA:86,3
DA:87,0
DA:88,0
DA:89,0
DA:94,0
DA:95,0
DA:97,0
DA:101,0
DA:105,3
LF:41
LH:11
BRDA:12,0,0,0
BRDA:12,0,1,0
BRDA:25,1,0,0
BRDA:25,1,1,0
BRDA:41,2,0,0
BRDA:41,2,1,0
BRDA:55,3,0,0
BRDA:55,3,1,0
BRDA:62,4,0,0
BRDA:62,4,1,0
BRDA:75,5,0,0
BRDA:75,5,1,0
BRDA:82,6,0,0
BRDA:82,6,1,0
BRDA:94,7,0,0
BRDA:94,7,1,0
BRDA:101,8,0,0
BRDA:101,8,1,0
BRF:18
BRH:0
end_of_record
TN:
SF:controllers\UserController.js
FN:6,(anonymous_0)
FN:38,(anonymous_1)
FN:63,(anonymous_2)
FNF:3
FNH:0
FNDA:0,(anonymous_0)
FNDA:0,(anonymous_1)
FNDA:0,(anonymous_2)
DA:1,3
DA:2,3
DA:3,3
DA:4,3
DA:6,3
DA:7,0
DA:8,0
DA:9,0
DA:11,0
DA:17,0
DA:18,0
DA:25,0
DA:30,0
DA:34,0
DA:38,3
DA:39,0
DA:40,0
DA:45,0
DA:47,0
DA:48,0
DA:50,0
DA:54,0
DA:59,0
DA:63,3
DA:64,0
DA:65,0
DA:66,0
DA:71,0
DA:75,3
LF:29
LH:8
BRDA:17,0,0,0
BRDA:17,0,1,0
BRDA:34,1,0,0
BRDA:34,1,1,0
BRDA:45,2,0,0
BRDA:45,2,1,0
BRDA:48,3,0,0
BRDA:48,3,1,0
BRDA:59,4,0,0
BRDA:59,4,1,0
BRDA:71,5,0,0
BRDA:71,5,1,0
BRF:12
BRH:0
end_of_record
TN:
SF:helpers\authenticate.js
FN:3,(anonymous_0)
FN:9,(anonymous_1)
FNF:2
FNH:1
FNDA:3,(anonymous_0)
FNDA:0,(anonymous_1)
DA:1,3
DA:3,3
DA:4,3
DA:6,3
DA:7,0
DA:8,0
DA:9,0
DA:10,0
DA:11,0
DA:13,0
DA:14,0
DA:18,0
DA:21,3
DA:25,3
LF:14
LH:6
BRDA:6,0,0,0
BRDA:6,0,1,3
BRDA:7,1,0,0
BRDA:7,1,1,0
BRDA:10,2,0,0
BRDA:10,2,1,0
BRF:6
BRH:1
end_of_record
TN:
SF:helpers\categorySchema.js
FNF:0
FNH:0
DA:1,3
DA:3,3
DA:7,3
LF:3
LH:3
BRF:0
BRH:0
end_of_record
TN:
SF:helpers\productSchema.js
FNF:0
FNH:0
DA:1,3
DA:3,3
DA:11,3
LF:3
LH:3
BRF:0
BRH:0
end_of_record
TN:
SF:helpers\userSchema.js
FNF:0
FNH:0
DA:1,3
DA:3,3
DA:9,3
DA:14,3
LF:4
LH:4
BRF:0
BRH:0
end_of_record
TN:
SF:helpers\validateSchema.js
FN:1,(anonymous_0)
FN:3,(anonymous_1)
FNF:2
FNH:2
FNDA:18,(anonymous_0)
FNDA:2,(anonymous_1)
DA:1,3
DA:2,18
DA:4,2
DA:6,2
DA:7,2
DA:11,0
DA:17,3
LF:7
LH:6
BRDA:6,0,0,2
BRDA:6,0,1,0
BRF:2
BRH:1
end_of_record
TN:
SF:routes\CategoryRoutes.js
FNF:0
FNH:0
DA:1,3
DA:2,3
DA:4,3
DA:5,3
DA:6,3
DA:14,3
DA:16,3
DA:17,3
DA:18,3
DA:19,3
DA:20,3
DA:22,3
LF:12
LH:12
BRF:0
BRH:0
end_of_record
TN:
SF:routes\ProductRoutes.js
FN:31,(anonymous_0)
FNF:1
FNH:0
FNDA:0,(anonymous_0)
DA:1,3
DA:2,3
DA:3,3
DA:4,3
DA:6,3
DA:7,3
DA:9,3
DA:10,3
DA:11,3
DA:13,3
DA:19,3
DA:20,3
DA:27,3
DA:29,3
DA:31,3
DA:32,0
DA:33,0
DA:34,0
DA:40,0
DA:41,0
DA:50,0
DA:52,0
DA:56,0
DA:59,3
DA:60,3
DA:61,3
DA:63,3
LF:27
LH:19
BRDA:40,0,0,0
BRDA:40,0,1,0
BRDA:56,1,0,0
BRDA:56,1,1,0
BRF:4
BRH:0
end_of_record
TN:
SF:routes\UserRoutes.js
FNF:0
FNH:0
DA:1,3
DA:2,3
DA:3,3
DA:4,3
DA:5,3
DA:11,3
DA:13,3
DA:14,3
DA:15,3
DA:17,3
LF:10
LH:10
BRF:0
BRH:0
end_of_record
